{"uid":"e3f558e4d6982e8c","name":"Search the Car","fullName":"com.cars.CarsComTest.verifySearchCarCard","historyId":"c43e806591a3ca621688865d26edc819","time":{"start":1684751286588,"stop":1684751287169,"duration":581},"status":"broken","statusMessage":"Cannot invoke \"com.microsoft.playwright.Page.locator(String)\" because \"this.page\" is null","statusTrace":"java.lang.NullPointerException: Cannot invoke \"com.microsoft.playwright.Page.locator(String)\" because \"this.page\" is null\n\tat com.cars.pages.BasePage.checkElementVisible(BasePage.java:14)\n\tat com.cars.pages.HomePage.<init>(HomePage.java:14)\n\tat com.cars.CarsComTest.verifySearchCarCard(CarsComTest.java:29)\n\tat java.base/jdk.internal.reflect.NativeMethodAccessorImpl.invoke0(Native Method)\n\tat java.base/jdk.internal.reflect.NativeMethodAccessorImpl.invoke(NativeMethodAccessorImpl.java:77)\n\tat java.base/jdk.internal.reflect.DelegatingMethodAccessorImpl.invoke(DelegatingMethodAccessorImpl.java:43)\n\tat java.base/java.lang.reflect.Method.invoke(Method.java:568)\n\tat org.testng.internal.invokers.MethodInvocationHelper.invokeMethod(MethodInvocationHelper.java:139)\n\tat org.testng.internal.invokers.TestInvoker.invokeMethod(TestInvoker.java:677)\n\tat org.testng.internal.invokers.TestInvoker.invokeTestMethod(TestInvoker.java:221)\n\tat org.testng.internal.invokers.MethodRunner.runInSequence(MethodRunner.java:50)\n\tat org.testng.internal.invokers.TestInvoker$MethodInvocationAgent.invoke(TestInvoker.java:969)\n\tat org.testng.internal.invokers.TestInvoker.invokeTestMethods(TestInvoker.java:194)\n\tat org.testng.internal.invokers.TestMethodWorker.invokeTestMethods(TestMethodWorker.java:148)\n\tat org.testng.internal.invokers.TestMethodWorker.run(TestMethodWorker.java:128)\n\tat java.base/java.util.ArrayList.forEach(ArrayList.java:1511)\n\tat org.testng.TestRunner.privateRun(TestRunner.java:829)\n\tat org.testng.TestRunner.run(TestRunner.java:602)\n\tat org.testng.SuiteRunner.runTest(SuiteRunner.java:437)\n\tat org.testng.SuiteRunner.runSequentially(SuiteRunner.java:431)\n\tat org.testng.SuiteRunner.privateRun(SuiteRunner.java:391)\n\tat org.testng.SuiteRunner.run(SuiteRunner.java:330)\n\tat org.testng.SuiteRunnerWorker.runSuite(SuiteRunnerWorker.java:52)\n\tat org.testng.SuiteRunnerWorker.run(SuiteRunnerWorker.java:95)\n\tat org.testng.TestNG.runSuitesSequentially(TestNG.java:1256)\n\tat org.testng.TestNG.runSuitesLocally(TestNG.java:1176)\n\tat org.testng.TestNG.runSuites(TestNG.java:1099)\n\tat org.testng.TestNG.run(TestNG.java:1067)\n\tat org.apache.maven.surefire.testng.TestNGExecutor.run(TestNGExecutor.java:151)\n\tat org.apache.maven.surefire.testng.TestNGDirectoryTestSuite.executeMulti(TestNGDirectoryTestSuite.java:192)\n\tat org.apache.maven.surefire.testng.TestNGDirectoryTestSuite.execute(TestNGDirectoryTestSuite.java:93)\n\tat org.apache.maven.surefire.testng.TestNGProvider.invoke(TestNGProvider.java:155)\n\tat org.apache.maven.surefire.booter.ForkedBooter.runSuitesInProcess(ForkedBooter.java:456)\n\tat org.apache.maven.surefire.booter.ForkedBooter.execute(ForkedBooter.java:169)\n\tat org.apache.maven.surefire.booter.ForkedBooter.run(ForkedBooter.java:595)\n\tat org.apache.maven.surefire.booter.ForkedBooter.main(ForkedBooter.java:581)\n","flaky":false,"newFailed":false,"newBroken":false,"newPassed":false,"retriesCount":0,"retriesStatusChange":false,"beforeStages":[{"name":"initBrowser","time":{"start":1684751279669,"stop":1684751286258,"duration":6589},"description":"","status":"passed","steps":[],"attachments":[],"parameters":[],"stepsCount":0,"attachmentsCount":0,"shouldDisplayMessage":false,"hasContent":false}],"testStage":{"status":"broken","statusMessage":"Cannot invoke \"com.microsoft.playwright.Page.locator(String)\" because \"this.page\" is null","statusTrace":"java.lang.NullPointerException: Cannot invoke \"com.microsoft.playwright.Page.locator(String)\" because \"this.page\" is null\n\tat com.cars.pages.BasePage.checkElementVisible(BasePage.java:14)\n\tat com.cars.pages.HomePage.<init>(HomePage.java:14)\n\tat com.cars.CarsComTest.verifySearchCarCard(CarsComTest.java:29)\n\tat java.base/jdk.internal.reflect.NativeMethodAccessorImpl.invoke0(Native Method)\n\tat java.base/jdk.internal.reflect.NativeMethodAccessorImpl.invoke(NativeMethodAccessorImpl.java:77)\n\tat java.base/jdk.internal.reflect.DelegatingMethodAccessorImpl.invoke(DelegatingMethodAccessorImpl.java:43)\n\tat java.base/java.lang.reflect.Method.invoke(Method.java:568)\n\tat org.testng.internal.invokers.MethodInvocationHelper.invokeMethod(MethodInvocationHelper.java:139)\n\tat org.testng.internal.invokers.TestInvoker.invokeMethod(TestInvoker.java:677)\n\tat org.testng.internal.invokers.TestInvoker.invokeTestMethod(TestInvoker.java:221)\n\tat org.testng.internal.invokers.MethodRunner.runInSequence(MethodRunner.java:50)\n\tat org.testng.internal.invokers.TestInvoker$MethodInvocationAgent.invoke(TestInvoker.java:969)\n\tat org.testng.internal.invokers.TestInvoker.invokeTestMethods(TestInvoker.java:194)\n\tat org.testng.internal.invokers.TestMethodWorker.invokeTestMethods(TestMethodWorker.java:148)\n\tat org.testng.internal.invokers.TestMethodWorker.run(TestMethodWorker.java:128)\n\tat java.base/java.util.ArrayList.forEach(ArrayList.java:1511)\n\tat org.testng.TestRunner.privateRun(TestRunner.java:829)\n\tat org.testng.TestRunner.run(TestRunner.java:602)\n\tat org.testng.SuiteRunner.runTest(SuiteRunner.java:437)\n\tat org.testng.SuiteRunner.runSequentially(SuiteRunner.java:431)\n\tat org.testng.SuiteRunner.privateRun(SuiteRunner.java:391)\n\tat org.testng.SuiteRunner.run(SuiteRunner.java:330)\n\tat org.testng.SuiteRunnerWorker.runSuite(SuiteRunnerWorker.java:52)\n\tat org.testng.SuiteRunnerWorker.run(SuiteRunnerWorker.java:95)\n\tat org.testng.TestNG.runSuitesSequentially(TestNG.java:1256)\n\tat org.testng.TestNG.runSuitesLocally(TestNG.java:1176)\n\tat org.testng.TestNG.runSuites(TestNG.java:1099)\n\tat org.testng.TestNG.run(TestNG.java:1067)\n\tat org.apache.maven.surefire.testng.TestNGExecutor.run(TestNGExecutor.java:151)\n\tat org.apache.maven.surefire.testng.TestNGDirectoryTestSuite.executeMulti(TestNGDirectoryTestSuite.java:192)\n\tat org.apache.maven.surefire.testng.TestNGDirectoryTestSuite.execute(TestNGDirectoryTestSuite.java:93)\n\tat org.apache.maven.surefire.testng.TestNGProvider.invoke(TestNGProvider.java:155)\n\tat org.apache.maven.surefire.booter.ForkedBooter.runSuitesInProcess(ForkedBooter.java:456)\n\tat org.apache.maven.surefire.booter.ForkedBooter.execute(ForkedBooter.java:169)\n\tat org.apache.maven.surefire.booter.ForkedBooter.run(ForkedBooter.java:595)\n\tat org.apache.maven.surefire.booter.ForkedBooter.main(ForkedBooter.java:581)\n","steps":[{"name":"checkElementVisible","time":{"start":1684751287156,"stop":1684751287158,"duration":2},"status":"broken","statusMessage":"Cannot invoke \"com.microsoft.playwright.Page.locator(String)\" because \"this.page\" is null","statusTrace":"java.lang.NullPointerException: Cannot invoke \"com.microsoft.playwright.Page.locator(String)\" because \"this.page\" is null\n\tat com.cars.pages.BasePage.checkElementVisible(BasePage.java:14)\n\tat com.cars.pages.HomePage.<init>(HomePage.java:14)\n\tat com.cars.CarsComTest.verifySearchCarCard(CarsComTest.java:29)\n\tat java.base/jdk.internal.reflect.NativeMethodAccessorImpl.invoke0(Native Method)\n\tat java.base/jdk.internal.reflect.NativeMethodAccessorImpl.invoke(NativeMethodAccessorImpl.java:77)\n\tat java.base/jdk.internal.reflect.DelegatingMethodAccessorImpl.invoke(DelegatingMethodAccessorImpl.java:43)\n\tat java.base/java.lang.reflect.Method.invoke(Method.java:568)\n\tat org.testng.internal.invokers.MethodInvocationHelper.invokeMethod(MethodInvocationHelper.java:139)\n\tat org.testng.internal.invokers.TestInvoker.invokeMethod(TestInvoker.java:677)\n\tat org.testng.internal.invokers.TestInvoker.invokeTestMethod(TestInvoker.java:221)\n\tat org.testng.internal.invokers.MethodRunner.runInSequence(MethodRunner.java:50)\n\tat org.testng.internal.invokers.TestInvoker$MethodInvocationAgent.invoke(TestInvoker.java:969)\n\tat org.testng.internal.invokers.TestInvoker.invokeTestMethods(TestInvoker.java:194)\n\tat org.testng.internal.invokers.TestMethodWorker.invokeTestMethods(TestMethodWorker.java:148)\n\tat org.testng.internal.invokers.TestMethodWorker.run(TestMethodWorker.java:128)\n\tat java.base/java.util.ArrayList.forEach(ArrayList.java:1511)\n\tat org.testng.TestRunner.privateRun(TestRunner.java:829)\n\tat org.testng.TestRunner.run(TestRunner.java:602)\n\tat org.testng.SuiteRunner.runTest(SuiteRunner.java:437)\n\tat org.testng.SuiteRunner.runSequentially(SuiteRunner.java:431)\n\tat org.testng.SuiteRunner.privateRun(SuiteRunner.java:391)\n\tat org.testng.SuiteRunner.run(SuiteRunner.java:330)\n\tat org.testng.SuiteRunnerWorker.runSuite(SuiteRunnerWorker.java:52)\n\tat org.testng.SuiteRunnerWorker.run(SuiteRunnerWorker.java:95)\n\tat org.testng.TestNG.runSuitesSequentially(TestNG.java:1256)\n\tat org.testng.TestNG.runSuitesLocally(TestNG.java:1176)\n\tat org.testng.TestNG.runSuites(TestNG.java:1099)\n\tat org.testng.TestNG.run(TestNG.java:1067)\n\tat org.apache.maven.surefire.testng.TestNGExecutor.run(TestNGExecutor.java:151)\n\tat org.apache.maven.surefire.testng.TestNGDirectoryTestSuite.executeMulti(TestNGDirectoryTestSuite.java:192)\n\tat org.apache.maven.surefire.testng.TestNGDirectoryTestSuite.execute(TestNGDirectoryTestSuite.java:93)\n\tat org.apache.maven.surefire.testng.TestNGProvider.invoke(TestNGProvider.java:155)\n\tat org.apache.maven.surefire.booter.ForkedBooter.runSuitesInProcess(ForkedBooter.java:456)\n\tat org.apache.maven.surefire.booter.ForkedBooter.execute(ForkedBooter.java:169)\n\tat org.apache.maven.surefire.booter.ForkedBooter.run(ForkedBooter.java:595)\n\tat org.apache.maven.surefire.booter.ForkedBooter.main(ForkedBooter.java:581)\n","steps":[],"attachments":[],"parameters":[{"name":"locator","value":"section#primary-hero"}],"stepsCount":0,"attachmentsCount":0,"shouldDisplayMessage":true,"hasContent":true}],"attachments":[],"parameters":[],"stepsCount":1,"attachmentsCount":0,"shouldDisplayMessage":false,"hasContent":true},"afterStages":[{"name":"tearDown","time":{"start":1684751287644,"stop":1684751288103,"duration":459},"description":"","status":"passed","steps":[],"attachments":[],"parameters":[],"stepsCount":0,"attachmentsCount":0,"shouldDisplayMessage":false,"hasContent":false}],"labels":[{"name":"package","value":"com.cars.CarsComTest"},{"name":"testClass","value":"com.cars.CarsComTest"},{"name":"testMethod","value":"verifySearchCarCard"},{"name":"parentSuite","value":"Surefire suite"},{"name":"suite","value":"Surefire test"},{"name":"subSuite","value":"com.cars.CarsComTest"},{"name":"host","value":"85050343ec1a"},{"name":"thread","value":"199@85050343ec1a.main(1)"},{"name":"framework","value":"testng"},{"name":"language","value":"java"},{"name":"resultFormat","value":"allure2"}],"parameters":[],"links":[],"hidden":false,"retry":false,"extra":{"severity":"normal","retries":[],"categories":[{"name":"Test defects","matchedStatuses":[],"flaky":false}],"history":{"statistic":{"failed":0,"broken":6,"skipped":0,"passed":0,"unknown":0,"total":6},"items":[{"uid":"4123735a3fdc9f5e","reportUrl":"https://mrgrtrt.github.io/cars-com-tests/7//#testresult/4123735a3fdc9f5e","status":"broken","statusDetails":"Cannot invoke \"com.microsoft.playwright.Page.locator(String)\" because \"this.page\" is null","time":{"start":1684750501773,"stop":1684750502148,"duration":375}},{"uid":"80e694c8ea4de81a","reportUrl":"https://mrgrtrt.github.io/cars-com-tests/6//#testresult/80e694c8ea4de81a","status":"broken","statusDetails":"Cannot invoke \"com.microsoft.playwright.Page.locator(String)\" because \"this.page\" is null","time":{"start":1684750021001,"stop":1684750021436,"duration":435}},{"uid":"5fe97954e42e64ed","reportUrl":"https://mrgrtrt.github.io/cars-com-tests/5//#testresult/5fe97954e42e64ed","status":"broken","statusDetails":"Cannot invoke \"com.microsoft.playwright.Page.locator(String)\" because \"this.page\" is null","time":{"start":1684749390060,"stop":1684749390800,"duration":740}},{"uid":"bf210f7d3a3d5958","reportUrl":"https://mrgrtrt.github.io/cars-com-tests/4//#testresult/bf210f7d3a3d5958","status":"broken","statusDetails":"Cannot invoke \"com.microsoft.playwright.Page.locator(String)\" because \"this.page\" is null","time":{"start":1684749036758,"stop":1684749037063,"duration":305}},{"uid":"9276f01d5544aed","reportUrl":"https://mrgrtrt.github.io/cars-com-tests/3//#testresult/9276f01d5544aed","status":"broken","statusDetails":"Cannot invoke \"com.microsoft.playwright.Page.locator(String)\" because \"this.page\" is null","time":{"start":1684747900952,"stop":1684747901276,"duration":324}}]},"tags":[]},"source":"e3f558e4d6982e8c.json","parameterValues":[]}